# JRE version: Java(TM) SE Runtime Environment (17.0.10+11) (build 17.0.10+11-LTS-240)
# Java VM: Java HotSpot(TM) 64-Bit Server VM (17.0.10+11-LTS-240, mixed mode, sharing, tiered, compressed oops, compressed class ptrs, g1 gc, windows-amd64)
GC Precious Log:
 CPUs: 8 total, 8 available
 Memory: 16167M
 Large Page Support: Disabled
 NUMA Support: Disabled
 Compressed Oops: Enabled (Zero based)
 Heap Region Size: 2M
 Heap Min Capacity: 8M
 Heap Initial Capacity: 254M
 Heap Max Capacity: 4042M
 Pre-touch: Disabled
 Parallel Workers: 8
 Concurrent Workers: 2
 Concurrent Refinement Workers: 8
 Periodic GC: Disabled
Heap:
 garbage-first heap   total 90112K, used 37478K [0x0000000703600000, 0x0000000800000000)
  region size 2048K, 5 young (10240K), 1 survivors (2048K)
 Metaspace       used 63409K, committed 63936K, reserved 1114112K
  class space    used 7830K, committed 8128K, reserved 1048576K
GC Heap History (20 events):
Event: 244763.303 GC heap before
{Heap before GC invocations=89 (full 0):
 garbage-first heap   total 90112K, used 76317K [0x0000000703600000, 0x0000000800000000)
  region size 2048K, 22 young (45056K), 1 survivors (2048K)
 Metaspace       used 63315K, committed 63872K, reserved 1114112K
  class space    used 7830K, committed 8128K, reserved 1048576K
}
Event: 244763.310 GC heap after
{Heap after GC invocations=90 (full 0):
 garbage-first heap   total 90112K, used 33295K [0x0000000703600000, 0x0000000800000000)
  region size 2048K, 1 young (2048K), 1 survivors (2048K)
 Metaspace       used 63315K, committed 63872K, reserved 1114112K
  class space    used 7830K, committed 8128K, reserved 1048576K
}
Event: 246473.391 GC heap before
{Heap before GC invocations=90 (full 0):
 garbage-first heap   total 90112K, used 76303K [0x0000000703600000, 0x0000000800000000)
  region size 2048K, 22 young (45056K), 1 survivors (2048K)
 Metaspace       used 63316K, committed 63872K, reserved 1114112K
  class space    used 7830K, committed 8128K, reserved 1048576K
}
Event: 246473.401 GC heap after
{Heap after GC invocations=91 (full 0):
 garbage-first heap   total 90112K, used 33327K [0x0000000703600000, 0x0000000800000000)
  region size 2048K, 1 young (2048K), 1 survivors (2048K)
 Metaspace       used 63316K, committed 63872K, reserved 1114112K
  class space    used 7830K, committed 8128K, reserved 1048576K
}
Event: 248426.186 GC heap before
{Heap before GC invocations=91 (full 0):
 garbage-first heap   total 90112K, used 76335K [0x0000000703600000, 0x0000000800000000)
  region size 2048K, 22 young (45056K), 1 survivors (2048K)
 Metaspace       used 63324K, committed 63872K, reserved 1114112K
  class space    used 7830K, committed 8128K, reserved 1048576K
}
Event: 248426.192 GC heap after
{Heap after GC invocations=92 (full 0):
 garbage-first heap   total 90112K, used 33323K [0x0000000703600000, 0x0000000800000000)
  region size 2048K, 1 young (2048K), 1 survivors (2048K)
 Metaspace       used 63324K, committed 63872K, reserved 1114112K
  class space    used 7830K, committed 8128K, reserved 1048576K
}
Event: 250257.597 GC heap before
{Heap before GC invocations=92 (full 0):
 garbage-first heap   total 90112K, used 76331K [0x0000000703600000, 0x0000000800000000)
  region size 2048K, 22 young (45056K), 1 survivors (2048K)
 Metaspace       used 63342K, committed 63872K, reserved 1114112K
  class space    used 7830K, committed 8128K, reserved 1048576K
}
Event: 250257.605 GC heap after
{Heap after GC invocations=93 (full 0):
 garbage-first heap   total 90112K, used 33318K [0x0000000703600000, 0x0000000800000000)
  region size 2048K, 1 young (2048K), 1 survivors (2048K)
 Metaspace       used 63342K, committed 63872K, reserved 1114112K
  class space    used 7830K, committed 8128K, reserved 1048576K
}
Event: 252149.162 GC heap before
{Heap before GC invocations=93 (full 0):
 garbage-first heap   total 90112K, used 74278K [0x0000000703600000, 0x0000000800000000)
  region size 2048K, 22 young (45056K), 1 survivors (2048K)
 Metaspace       used 63346K, committed 63936K, reserved 1114112K
  class space    used 7830K, committed 8128K, reserved 1048576K
}
Event: 252149.169 GC heap after
{Heap after GC invocations=94 (full 0):
 garbage-first heap   total 90112K, used 33342K [0x0000000703600000, 0x0000000800000000)
  region size 2048K, 1 young (2048K), 1 survivors (2048K)
 Metaspace       used 63346K, committed 63936K, reserved 1114112K
  class space    used 7830K, committed 8128K, reserved 1048576K
}
Event: 261227.396 GC heap before
{Heap before GC invocations=94 (full 0):
 garbage-first heap   total 90112K, used 76350K [0x0000000703600000, 0x0000000800000000)
  region size 2048K, 22 young (45056K), 1 survivors (2048K)
 Metaspace       used 63356K, committed 63936K, reserved 1114112K
  class space    used 7830K, committed 8128K, reserved 1048576K
}
Event: 261227.407 GC heap after
{Heap after GC invocations=95 (full 0):
 garbage-first heap   total 90112K, used 33347K [0x0000000703600000, 0x0000000800000000)
  region size 2048K, 1 young (2048K), 1 survivors (2048K)
 Metaspace       used 63356K, committed 63936K, reserved 1114112K
  class space    used 7830K, committed 8128K, reserved 1048576K
}
Event: 262900.674 GC heap before
{Heap before GC invocations=95 (full 0):
 garbage-first heap   total 90112K, used 74307K [0x0000000703600000, 0x0000000800000000)
  region size 2048K, 22 young (45056K), 1 survivors (2048K)
 Metaspace       used 63367K, committed 63936K, reserved 1114112K
  class space    used 7830K, committed 8128K, reserved 1048576K
}
Event: 262900.681 GC heap after
{Heap after GC invocations=96 (full 0):
 garbage-first heap   total 90112K, used 33486K [0x0000000703600000, 0x0000000800000000)
  region size 2048K, 1 young (2048K), 1 survivors (2048K)
 Metaspace       used 63367K, committed 63936K, reserved 1114112K
  class space    used 7830K, committed 8128K, reserved 1048576K
}
Event: 264481.539 GC heap before
{Heap before GC invocations=96 (full 0):
 garbage-first heap   total 90112K, used 74446K [0x0000000703600000, 0x0000000800000000)
  region size 2048K, 21 young (43008K), 1 survivors (2048K)
 Metaspace       used 63368K, committed 63936K, reserved 1114112K
  class space    used 7830K, committed 8128K, reserved 1048576K
}
Event: 264481.549 GC heap after
{Heap after GC invocations=97 (full 0):
 garbage-first heap   total 90112K, used 33436K [0x0000000703600000, 0x0000000800000000)
  region size 2048K, 1 young (2048K), 1 survivors (2048K)
 Metaspace       used 63368K, committed 63936K, reserved 1114112K
  class space    used 7830K, committed 8128K, reserved 1048576K
}
Event: 266012.703 GC heap before
{Heap before GC invocations=97 (full 0):
 garbage-first heap   total 90112K, used 74396K [0x0000000703600000, 0x0000000800000000)
  region size 2048K, 21 young (43008K), 1 survivors (2048K)
 Metaspace       used 63381K, committed 63936K, reserved 1114112K
  class space    used 7830K, committed 8128K, reserved 1048576K
}
Event: 266012.724 GC heap after
{Heap after GC invocations=98 (full 0):
 garbage-first heap   total 90112K, used 33398K [0x0000000703600000, 0x0000000800000000)
  region size 2048K, 1 young (2048K), 1 survivors (2048K)
 Metaspace       used 63381K, committed 63936K, reserved 1114112K
  class space    used 7830K, committed 8128K, reserved 1048576K
}
Event: 267480.553 GC heap before
{Heap before GC invocations=98 (full 0):
 garbage-first heap   total 90112K, used 74358K [0x0000000703600000, 0x0000000800000000)
  region size 2048K, 21 young (43008K), 1 survivors (2048K)
 Metaspace       used 63393K, committed 63936K, reserved 1114112K
  class space    used 7830K, committed 8128K, reserved 1048576K
}
Event: 267480.564 GC heap after
{Heap after GC invocations=99 (full 0):
 garbage-first heap   total 90112K, used 33382K [0x0000000703600000, 0x0000000800000000)
  region size 2048K, 1 young (2048K), 1 survivors (2048K)
 Metaspace       used 63393K, committed 63936K, reserved 1114112K
  class space    used 7830K, committed 8128K, reserved 1048576K
}

